Using pre-set license
Built from '2020.3/staging' branch; Version is '2020.3.18f1 (a7d1c678663c) revision 10998214'; Using compiler version '192528614'; Build Type 'Release'
OS: 'Windows 10 Home; OS build 19043.1237; Version 2009; 64bit' Language: 'en' Physical Memory: 16270 MB
BatchMode: 1, IsHumanControllingUs: 0, StartBugReporterOnCrash: 0, Is64bit: 1, IsPro: 0

COMMAND LINE ARGUMENTS:
D:\Program Files\Unity\Hub\Editor\2020.3.18f1\Editor\Unity.exe
-adb2
-batchMode
-noUpm
-name
AssetImportWorker0
-projectPath
C:/Users/ADMIN/Desktop/samplegame/COVIDRun2D
-logFile
Logs/AssetImportWorker0.log
-srvPort
54489
Successfully changed project path to: C:/Users/ADMIN/Desktop/samplegame/COVIDRun2D
C:/Users/ADMIN/Desktop/samplegame/COVIDRun2D
Using Asset Import Pipeline V2.
Refreshing native plugins compatible for Editor in 47.96 ms, found 3 plugins.
Preloading 0 native plugins for Editor in 0.00 ms.
Initialize engine version: 2020.3.18f1 (a7d1c678663c)
[Subsystems] Discovering subsystems at path D:/Program Files/Unity/Hub/Editor/2020.3.18f1/Editor/Data/Resources/UnitySubsystems
[Subsystems] Discovering subsystems at path C:/Users/ADMIN/Desktop/samplegame/COVIDRun2D/Assets
GfxDevice: creating device client; threaded=0
Direct3D:
    Version:  Direct3D 11.0 [level 11.1]
    Renderer: NVIDIA GeForce MX150 (ID=0x1d10)
    Vendor:   
    VRAM:     1983 MB
    Driver:   30.0.14.7196
Initialize mono
Mono path[0] = 'D:/Program Files/Unity/Hub/Editor/2020.3.18f1/Editor/Data/Managed'
Mono path[1] = 'D:/Program Files/Unity/Hub/Editor/2020.3.18f1/Editor/Data/MonoBleedingEdge/lib/mono/unityjit'
Mono config path = 'D:/Program Files/Unity/Hub/Editor/2020.3.18f1/Editor/Data/MonoBleedingEdge/etc'
Using monoOptions --debugger-agent=transport=dt_socket,embedding=1,server=y,suspend=n,address=127.0.0.1:56428
Begin MonoManager ReloadAssembly
Registering precompiled unity dll's ...
Register platform support module: D:/Program Files/Unity/Hub/Editor/2020.3.18f1/Editor/Data/PlaybackEngines/WindowsStandaloneSupport/UnityEditor.WindowsStandalone.Extensions.dll
Registered in 0.002213 seconds.
Native extension for WindowsStandalone target not found
Refreshing native plugins compatible for Editor in 46.04 ms, found 3 plugins.
Preloading 0 native plugins for Editor in 0.00 ms.
Mono: successfully reloaded assembly
- Completed reload, in  2.642 seconds
Domain Reload Profiling:
	ReloadAssembly (2643ms)
		BeginReloadAssembly (73ms)
			ExecutionOrderSort (0ms)
			DisableScriptedObjects (0ms)
			BackupInstance (0ms)
			ReleaseScriptingObjects (0ms)
			CreateAndSetChildDomain (1ms)
		EndReloadAssembly (522ms)
			LoadAssemblies (73ms)
			RebuildTransferFunctionScriptingTraits (0ms)
			SetupTypeCache (174ms)
			ReleaseScriptCaches (0ms)
			RebuildScriptCaches (35ms)
			SetupLoadedEditorAssemblies (178ms)
				LogAssemblyErrors (0ms)
				InitializePlatformSupportModulesInManaged (4ms)
				SetLoadedEditorAssemblies (0ms)
				RefreshPlugins (46ms)
				BeforeProcessingInitializeOnLoad (9ms)
				ProcessInitializeOnLoadAttributes (86ms)
				ProcessInitializeOnLoadMethodAttributes (32ms)
				AfterProcessingInitializeOnLoad (0ms)
				EditorAssembliesLoaded (0ms)
			ExecutionOrderSort2 (0ms)
			AwakeInstancesAfterBackupRestoration (0ms)
Platform modules already initialized, skipping
Registering precompiled user dll's ...
Registered in 0.003892 seconds.
Begin MonoManager ReloadAssembly
Native extension for WindowsStandalone target not found
Refreshing native plugins compatible for Editor in 52.39 ms, found 3 plugins.
Preloading 0 native plugins for Editor in 0.00 ms.
Mono: successfully reloaded assembly
- Completed reload, in  1.457 seconds
Domain Reload Profiling:
	ReloadAssembly (1457ms)
		BeginReloadAssembly (183ms)
			ExecutionOrderSort (0ms)
			DisableScriptedObjects (5ms)
			BackupInstance (0ms)
			ReleaseScriptingObjects (0ms)
			CreateAndSetChildDomain (20ms)
		EndReloadAssembly (1207ms)
			LoadAssemblies (120ms)
			RebuildTransferFunctionScriptingTraits (0ms)
			SetupTypeCache (363ms)
			ReleaseScriptCaches (1ms)
			RebuildScriptCaches (101ms)
			SetupLoadedEditorAssemblies (369ms)
				LogAssemblyErrors (0ms)
				InitializePlatformSupportModulesInManaged (6ms)
				SetLoadedEditorAssemblies (0ms)
				RefreshPlugins (52ms)
				BeforeProcessingInitializeOnLoad (70ms)
				ProcessInitializeOnLoadAttributes (221ms)
				ProcessInitializeOnLoadMethodAttributes (16ms)
				AfterProcessingInitializeOnLoad (3ms)
				EditorAssembliesLoaded (0ms)
			ExecutionOrderSort2 (0ms)
			AwakeInstancesAfterBackupRestoration (7ms)
Platform modules already initialized, skipping
========================================================================
Worker process is ready to serve import requests
Launched and connected shader compiler UnityShaderCompiler.exe after 0.09 seconds
Refreshing native plugins compatible for Editor in 0.50 ms, found 3 plugins.
Preloading 0 native plugins for Editor in 0.00 ms.
Unloading 2104 Unused Serialized files (Serialized files now loaded: 0)
System memory in use before: 105.3 MB.
System memory in use after: 105.4 MB.

Unloading 26 unused Assets to reduce memory usage. Loaded Objects now: 2556.
Total: 3.724900 ms (FindLiveObjects: 0.207900 ms CreateObjectMapping: 0.083900 ms MarkObjects: 3.359500 ms  DeleteObjects: 0.072500 ms)

AssetImportParameters requested are different than current active one (requested -> active):
  custom:framework-win-MediaFoundation: 216162199b28c13a410421893ffa2e32 -> 
  custom:video-decoder-ogg-theora: a1e56fd34408186e4bbccfd4996cb3dc -> 
  custom:container-muxer-webm: aa71ff27fc2769a1b78a27578f13a17b -> 
  custom:container-demuxer-webm: 4f35f7cbe854078d1ac9338744f61a02 -> 
  custom:container-demuxer-ogg: 62fdf1f143b41e24485cea50d1cbac27 -> 
  custom:video-encoder-webm-vp8: eb34c28f22e8b96e1ab97ce403110664 -> 
  custom:video-decoder-webm-vp8: 9c59270c3fd7afecdb556c50c9e8de78 -> 
  custom:audio-decoder-ogg-vorbis: bf7c407c2cedff20999df2af8eb42d56 -> 
  custom:audio-encoder-webm-vorbis: bf7c407c2cedff20999df2af8eb42d56 -> 
========================================================================
Received Import Request.
  path: Assets/slippery.physicsMaterial2D
  artifactKey: Guid(105b4b058086c62408f764444310f945) Importer(815301076,1909f56bfc062723c751e8b465ee728b)
Start importing Assets/slippery.physicsMaterial2D using Guid(105b4b058086c62408f764444310f945) Importer(815301076,1909f56bfc062723c751e8b465ee728b)  -> (artifact id: '5bed9e711a62fe6ac53c1a5f9dbd44d7') in 0.035654 seconds 
  Import took 0.039207 seconds .

========================================================================
Received Import Request.
  Time since last request: 43.894067 seconds.
  path: Assets/buttons
  artifactKey: Guid(1d4b68f45c199b0488d583009e48518f) Importer(815301076,1909f56bfc062723c751e8b465ee728b)
Start importing Assets/buttons using Guid(1d4b68f45c199b0488d583009e48518f) Importer(815301076,1909f56bfc062723c751e8b465ee728b)  -> (artifact id: 'b7df7b5baaa1e6fe8fde7b1d5a0300ad') in 0.007276 seconds 
  Import took 0.010722 seconds .

========================================================================
Received Import Request.
  Time since last request: 0.062650 seconds.
  path: Assets/buttons
  artifactKey: Guid(1d4b68f45c199b0488d583009e48518f) Importer(815301076,1909f56bfc062723c751e8b465ee728b)
Start importing Assets/buttons using Guid(1d4b68f45c199b0488d583009e48518f) Importer(815301076,1909f56bfc062723c751e8b465ee728b)  -> (artifact id: 'b7df7b5baaa1e6fe8fde7b1d5a0300ad') in 0.002678 seconds 
  Import took 0.006005 seconds .

========================================================================
Received Import Request.
  Time since last request: 0.039217 seconds.
  path: Assets/buttons/downButton.png
  artifactKey: Guid(18b65f8cbf2d69445a153da3b714a41b) Importer(815301076,1909f56bfc062723c751e8b465ee728b)
Start importing Assets/buttons/downButton.png using Guid(18b65f8cbf2d69445a153da3b714a41b) Importer(815301076,1909f56bfc062723c751e8b465ee728b)  -> (artifact id: 'ac95c7a2ffb5dddf8af5e16353a6c4cb') in 0.108666 seconds 
  Import took 0.112098 seconds .

========================================================================
Received Import Request.
  Time since last request: 0.000304 seconds.
  path: Assets/buttons/musicButton.png
  artifactKey: Guid(370e0cc8d5add92478383bb68f8ddf13) Importer(815301076,1909f56bfc062723c751e8b465ee728b)
Start importing Assets/buttons/musicButton.png using Guid(370e0cc8d5add92478383bb68f8ddf13) Importer(815301076,1909f56bfc062723c751e8b465ee728b)  -> (artifact id: '143b4e57b1a18f9c748f13c5986f785f') in 0.018693 seconds 
  Import took 0.022339 seconds .

========================================================================
Received Import Request.
  Time since last request: 0.000226 seconds.
  path: Assets/buttons/LifeBar.png
  artifactKey: Guid(92663e210e8f0ec4885d66435dc62462) Importer(815301076,1909f56bfc062723c751e8b465ee728b)
Start importing Assets/buttons/LifeBar.png using Guid(92663e210e8f0ec4885d66435dc62462) Importer(815301076,1909f56bfc062723c751e8b465ee728b)  -> (artifact id: '7d4ae029be0242ea03cf611d8bc59b44') in 0.017479 seconds 
  Import took 0.021875 seconds .

========================================================================
Received Import Request.
  Time since last request: 0.000237 seconds.
  path: Assets/buttons/settingsButton.png
  artifactKey: Guid(583231e414fae8e4ba63a2dfbcf88421) Importer(815301076,1909f56bfc062723c751e8b465ee728b)
Start importing Assets/buttons/settingsButton.png using Guid(583231e414fae8e4ba63a2dfbcf88421) Importer(815301076,1909f56bfc062723c751e8b465ee728b)  -> (artifact id: '114fc5b8559b1e153f621350436e00e5') in 0.015225 seconds 
  Import took 0.020166 seconds .

========================================================================
Received Import Request.
  Time since last request: 0.000655 seconds.
  path: Assets/buttons/exitButton.png
  artifactKey: Guid(4bbee8a46cc2f4549a0b90fd53d10041) Importer(815301076,1909f56bfc062723c751e8b465ee728b)
Start importing Assets/buttons/exitButton.png using Guid(4bbee8a46cc2f4549a0b90fd53d10041) Importer(815301076,1909f56bfc062723c751e8b465ee728b)  -> (artifact id: '765dba9ad6b59aba4e92b0ce1d3a9fac') in 0.018417 seconds 
  Import took 0.023810 seconds .

========================================================================
Received Import Request.
  Time since last request: 0.000332 seconds.
  path: Assets/buttons/sfxButton.png
  artifactKey: Guid(39f1a1a6bd2f5644880d0e3f5618a68b) Importer(815301076,1909f56bfc062723c751e8b465ee728b)
Start importing Assets/buttons/sfxButton.png using Guid(39f1a1a6bd2f5644880d0e3f5618a68b) Importer(815301076,1909f56bfc062723c751e8b465ee728b)  -> (artifact id: '6bfafc85d80bfccd82dda10639a3f96c') in 0.016619 seconds 
  Import took 0.020227 seconds .

========================================================================
Received Import Request.
  Time since last request: 0.000309 seconds.
  path: Assets/buttons/exitButton.png
  artifactKey: Guid(4bbee8a46cc2f4549a0b90fd53d10041) Importer(815301076,1909f56bfc062723c751e8b465ee728b)
Start importing Assets/buttons/exitButton.png using Guid(4bbee8a46cc2f4549a0b90fd53d10041) Importer(815301076,1909f56bfc062723c751e8b465ee728b)  -> (artifact id: '765dba9ad6b59aba4e92b0ce1d3a9fac') in 0.010511 seconds 
  Import took 0.014579 seconds .

========================================================================
Received Import Request.
  Time since last request: 0.000337 seconds.
  path: Assets/buttons/resetButton.png
  artifactKey: Guid(13d629c463212774e9b65ac0fbf9a26e) Importer(815301076,1909f56bfc062723c751e8b465ee728b)
Start importing Assets/buttons/resetButton.png using Guid(13d629c463212774e9b65ac0fbf9a26e) Importer(815301076,1909f56bfc062723c751e8b465ee728b)  -> (artifact id: '40685cdd9c82b9cd7bea46f3643aab53') in 0.016382 seconds 
  Import took 0.020269 seconds .

========================================================================
Received Import Request.
  Time since last request: 0.000208 seconds.
  path: Assets/buttons/rightButton.png
  artifactKey: Guid(83d555cdfb939124b82a487f38bc8bda) Importer(815301076,1909f56bfc062723c751e8b465ee728b)
Start importing Assets/buttons/rightButton.png using Guid(83d555cdfb939124b82a487f38bc8bda) Importer(815301076,1909f56bfc062723c751e8b465ee728b)  -> (artifact id: '5dd4bd3440802f3b7efa6f54cbba59a6') in 0.017857 seconds 
  Import took 0.022053 seconds .

========================================================================
Received Import Request.
  Time since last request: 0.000345 seconds.
  path: Assets/buttons/quitButton.png
  artifactKey: Guid(7db0700d6042971419b0be590a00595e) Importer(815301076,1909f56bfc062723c751e8b465ee728b)
Start importing Assets/buttons/quitButton.png using Guid(7db0700d6042971419b0be590a00595e) Importer(815301076,1909f56bfc062723c751e8b465ee728b)  -> (artifact id: 'c91ecf90b7bbe41b3c6c46cca26f49d2') in 0.015840 seconds 
  Import took 0.019509 seconds .

========================================================================
Received Import Request.
  Time since last request: 0.000287 seconds.
  path: Assets/buttons/upButton.png
  artifactKey: Guid(9e16d1d4984ec2c489787796025ea461) Importer(815301076,1909f56bfc062723c751e8b465ee728b)
Start importing Assets/buttons/upButton.png using Guid(9e16d1d4984ec2c489787796025ea461) Importer(815301076,1909f56bfc062723c751e8b465ee728b)  -> (artifact id: 'b79d83ea588a2c9749932733174df1f5') in 0.022126 seconds 
  Import took 0.026073 seconds .

========================================================================
Received Import Request.
  Time since last request: 0.000275 seconds.
  path: Assets/buttons/leftButton.png
  artifactKey: Guid(e550e9ccaff7b374b8b011572633c293) Importer(815301076,1909f56bfc062723c751e8b465ee728b)
Start importing Assets/buttons/leftButton.png using Guid(e550e9ccaff7b374b8b011572633c293) Importer(815301076,1909f56bfc062723c751e8b465ee728b)  -> (artifact id: 'a1884c25879b29ed8e3b428410396c3b') in 0.014927 seconds 
  Import took 0.018448 seconds .

========================================================================
Received Prepare
Registering precompiled user dll's ...
Registered in 0.005024 seconds.
Begin MonoManager ReloadAssembly
Native extension for WindowsStandalone target not found
Refreshing native plugins compatible for Editor in 0.68 ms, found 3 plugins.
Preloading 0 native plugins for Editor in 0.00 ms.
Mono: successfully reloaded assembly
- Completed reload, in  1.884 seconds
Domain Reload Profiling:
	ReloadAssembly (1884ms)
		BeginReloadAssembly (242ms)
			ExecutionOrderSort (0ms)
			DisableScriptedObjects (13ms)
			BackupInstance (0ms)
			ReleaseScriptingObjects (0ms)
			CreateAndSetChildDomain (64ms)
		EndReloadAssembly (1513ms)
			LoadAssemblies (238ms)
			RebuildTransferFunctionScriptingTraits (0ms)
			SetupTypeCache (593ms)
			ReleaseScriptCaches (1ms)
			RebuildScriptCaches (78ms)
			SetupLoadedEditorAssemblies (454ms)
				LogAssemblyErrors (0ms)
				InitializePlatformSupportModulesInManaged (7ms)
				SetLoadedEditorAssemblies (1ms)
				RefreshPlugins (1ms)
				BeforeProcessingInitializeOnLoad (94ms)
				ProcessInitializeOnLoadAttributes (337ms)
				ProcessInitializeOnLoadMethodAttributes (10ms)
				AfterProcessingInitializeOnLoad (4ms)
				EditorAssembliesLoaded (0ms)
			ExecutionOrderSort2 (0ms)
			AwakeInstancesAfterBackupRestoration (17ms)
Platform modules already initialized, skipping
Switching build target platform(19) subTarget(0) extendedPlatform(0) -> platform(13) subTarget(537395200) extendedPlatform(0)
Refreshing native plugins compatible for Editor in 0.78 ms, found 3 plugins.
Preloading 0 native plugins for Editor in 0.00 ms.
Unloading 2097 Unused Serialized files (Serialized files now loaded: 0)
System memory in use before: 107.7 MB.
System memory in use after: 107.8 MB.

Unloading 14 unused Assets to reduce memory usage. Loaded Objects now: 2571.
Total: 4.105800 ms (FindLiveObjects: 0.230000 ms CreateObjectMapping: 0.109000 ms MarkObjects: 3.742200 ms  DeleteObjects: 0.023200 ms)

AssetImportParameters requested are different than current active one (requested -> active):
  custom:framework-win-MediaFoundation: 216162199b28c13a410421893ffa2e32 -> 
  custom:video-decoder-ogg-theora: a1e56fd34408186e4bbccfd4996cb3dc -> 
  custom:container-muxer-webm: aa71ff27fc2769a1b78a27578f13a17b -> 
  custom:container-demuxer-webm: 4f35f7cbe854078d1ac9338744f61a02 -> 
  custom:container-demuxer-ogg: 62fdf1f143b41e24485cea50d1cbac27 -> 
  custom:video-encoder-webm-vp8: eb34c28f22e8b96e1ab97ce403110664 -> 
  custom:video-decoder-webm-vp8: 9c59270c3fd7afecdb556c50c9e8de78 -> 
  custom:graphics/normal-map-encoding: 01000000000000000000000000000000 -> 02000000000000000000000000000000
  custom:audio-decoder-ogg-vorbis: bf7c407c2cedff20999df2af8eb42d56 -> 
  custom:audio-encoder-webm-vorbis: bf7c407c2cedff20999df2af8eb42d56 -> 
========================================================================
Received Import Request.
  Time since last request: 1113.083579 seconds.
  path: Assets/Script/Character.cs
  artifactKey: Guid(c3e2fe25ad684b44f9e18ba3a2184ad7) Importer(815301076,1909f56bfc062723c751e8b465ee728b)
Start importing Assets/Script/Character.cs using Guid(c3e2fe25ad684b44f9e18ba3a2184ad7) Importer(815301076,1909f56bfc062723c751e8b465ee728b)  -> (artifact id: 'a3d9f63031d8e0c3c960dcc14ccb314d') in 0.017192 seconds 
  Import took 0.021565 seconds .

========================================================================
Received Prepare
Registering precompiled user dll's ...
Registered in 0.003681 seconds.
Begin MonoManager ReloadAssembly
Native extension for WindowsStandalone target not found
Refreshing native plugins compatible for Editor in 0.48 ms, found 3 plugins.
Preloading 0 native plugins for Editor in 0.00 ms.
Mono: successfully reloaded assembly
- Completed reload, in  1.104 seconds
Domain Reload Profiling:
	ReloadAssembly (1105ms)
		BeginReloadAssembly (133ms)
			ExecutionOrderSort (0ms)
			DisableScriptedObjects (7ms)
			BackupInstance (0ms)
			ReleaseScriptingObjects (0ms)
			CreateAndSetChildDomain (37ms)
		EndReloadAssembly (912ms)
			LoadAssemblies (110ms)
			RebuildTransferFunctionScriptingTraits (0ms)
			SetupTypeCache (307ms)
			ReleaseScriptCaches (1ms)
			RebuildScriptCaches (52ms)
			SetupLoadedEditorAssemblies (320ms)
				LogAssemblyErrors (0ms)
				InitializePlatformSupportModulesInManaged (5ms)
				SetLoadedEditorAssemblies (0ms)
				RefreshPlugins (1ms)
				BeforeProcessingInitializeOnLoad (75ms)
				ProcessInitializeOnLoadAttributes (229ms)
				ProcessInitializeOnLoadMethodAttributes (6ms)
				AfterProcessingInitializeOnLoad (3ms)
				EditorAssembliesLoaded (0ms)
			ExecutionOrderSort2 (0ms)
			AwakeInstancesAfterBackupRestoration (11ms)
Platform modules already initialized, skipping
Switching build target platform(19) subTarget(0) extendedPlatform(0) -> platform(13) subTarget(537395200) extendedPlatform(0)
Refreshing native plugins compatible for Editor in 0.56 ms, found 3 plugins.
Preloading 0 native plugins for Editor in 0.00 ms.
Unloading 2097 Unused Serialized files (Serialized files now loaded: 0)
System memory in use before: 107.8 MB.
System memory in use after: 107.9 MB.

Unloading 14 unused Assets to reduce memory usage. Loaded Objects now: 2574.
Total: 4.127700 ms (FindLiveObjects: 0.229500 ms CreateObjectMapping: 0.100700 ms MarkObjects: 3.775100 ms  DeleteObjects: 0.021200 ms)

AssetImportParameters requested are different than current active one (requested -> active):
  custom:framework-win-MediaFoundation: 216162199b28c13a410421893ffa2e32 -> 
  custom:video-decoder-ogg-theora: a1e56fd34408186e4bbccfd4996cb3dc -> 
  custom:container-muxer-webm: aa71ff27fc2769a1b78a27578f13a17b -> 
  custom:container-demuxer-webm: 4f35f7cbe854078d1ac9338744f61a02 -> 
  custom:container-demuxer-ogg: 62fdf1f143b41e24485cea50d1cbac27 -> 
  custom:video-encoder-webm-vp8: eb34c28f22e8b96e1ab97ce403110664 -> 
  custom:video-decoder-webm-vp8: 9c59270c3fd7afecdb556c50c9e8de78 -> 
  custom:graphics/normal-map-encoding: 01000000000000000000000000000000 -> 02000000000000000000000000000000
  custom:audio-decoder-ogg-vorbis: bf7c407c2cedff20999df2af8eb42d56 -> 
  custom:audio-encoder-webm-vorbis: bf7c407c2cedff20999df2af8eb42d56 -> 
AssetImportWorkerClient::OnTransportError - code=2 error=End of file
