Using pre-set license
Built from '2020.3/staging' branch; Version is '2020.3.20f1 (41c4e627c95f) revision 4310246'; Using compiler version '192528614'; Build Type 'Release'
OS: 'Windows 10 Pro; OS build 19043.1237; Version 2009; 64bit' Language: 'en' Physical Memory: 15296 MB
BatchMode: 1, IsHumanControllingUs: 0, StartBugReporterOnCrash: 0, Is64bit: 1, IsPro: 0

COMMAND LINE ARGUMENTS:
C:\Program Files\Unity\Hub\Editor\2020.3.20f1\Editor\Unity.exe
-adb2
-batchMode
-noUpm
-name
AssetImportWorker0
-projectPath
D:/Lexan/Github/GameDev
-logFile
Logs/AssetImportWorker0.log
-srvPort
59828
Successfully changed project path to: D:/Lexan/Github/GameDev
D:/Lexan/Github/GameDev
Using Asset Import Pipeline V2.
Refreshing native plugins compatible for Editor in 55.60 ms, found 2 plugins.
Preloading 0 native plugins for Editor in 0.00 ms.
Initialize engine version: 2020.3.20f1 (41c4e627c95f)
[Subsystems] Discovering subsystems at path C:/Program Files/Unity/Hub/Editor/2020.3.20f1/Editor/Data/Resources/UnitySubsystems
[Subsystems] Discovering subsystems at path D:/Lexan/Github/GameDev/Assets
GfxDevice: creating device client; threaded=0
Direct3D:
    Version:  Direct3D 11.0 [level 11.1]
    Renderer: AMD Radeon(TM) R7 Graphics (ID=0x1313)
    Vendor:   
    VRAM:     7648 MB
    Driver:   27.20.20904.2001
Initialize mono
Mono path[0] = 'C:/Program Files/Unity/Hub/Editor/2020.3.20f1/Editor/Data/Managed'
Mono path[1] = 'C:/Program Files/Unity/Hub/Editor/2020.3.20f1/Editor/Data/MonoBleedingEdge/lib/mono/unityjit'
Mono config path = 'C:/Program Files/Unity/Hub/Editor/2020.3.20f1/Editor/Data/MonoBleedingEdge/etc'
Using monoOptions --debugger-agent=transport=dt_socket,embedding=1,server=y,suspend=n,address=127.0.0.1:56268
Begin MonoManager ReloadAssembly
Registering precompiled unity dll's ...
Register platform support module: C:/Program Files/Unity/Hub/Editor/2020.3.20f1/Editor/Data/PlaybackEngines/WebGLSupport/UnityEditor.WebGL.Extensions.dll
Register platform support module: C:/Program Files/Unity/Hub/Editor/2020.3.20f1/Editor/Data/PlaybackEngines/MacStandaloneSupport/UnityEditor.OSXStandalone.Extensions.dll
Register platform support module: C:/Program Files/Unity/Hub/Editor/2020.3.20f1/Editor/Data/PlaybackEngines/WindowsStandaloneSupport/UnityEditor.WindowsStandalone.Extensions.dll
Register platform support module: C:/Program Files/Unity/Hub/Editor/2020.3.20f1/Editor/Data/PlaybackEngines/LinuxStandaloneSupport/UnityEditor.LinuxStandalone.Extensions.dll
Register platform support module: C:/Program Files/Unity/Hub/Editor/2020.3.20f1/Editor/Data/PlaybackEngines/LuminSupport/UnityEditor.Lumin.Extensions.dll
Registered in 0.006749 seconds.
Native extension for Lumin target not found
Native extension for LinuxStandalone target not found
Native extension for WindowsStandalone target not found
Native extension for OSXStandalone target not found
Native extension for WebGL target not found
Refreshing native plugins compatible for Editor in 47.78 ms, found 2 plugins.
Preloading 0 native plugins for Editor in 0.00 ms.
Mono: successfully reloaded assembly
- Completed reload, in  2.736 seconds
Domain Reload Profiling:
	ReloadAssembly (2736ms)
		BeginReloadAssembly (112ms)
			ExecutionOrderSort (0ms)
			DisableScriptedObjects (0ms)
			BackupInstance (0ms)
			ReleaseScriptingObjects (0ms)
			CreateAndSetChildDomain (2ms)
		EndReloadAssembly (708ms)
			LoadAssemblies (109ms)
			RebuildTransferFunctionScriptingTraits (0ms)
			SetupTypeCache (295ms)
			ReleaseScriptCaches (0ms)
			RebuildScriptCaches (54ms)
			SetupLoadedEditorAssemblies (252ms)
				LogAssemblyErrors (0ms)
				InitializePlatformSupportModulesInManaged (13ms)
				SetLoadedEditorAssemblies (0ms)
				RefreshPlugins (48ms)
				BeforeProcessingInitializeOnLoad (13ms)
				ProcessInitializeOnLoadAttributes (129ms)
				ProcessInitializeOnLoadMethodAttributes (48ms)
				AfterProcessingInitializeOnLoad (0ms)
				EditorAssembliesLoaded (0ms)
			ExecutionOrderSort2 (0ms)
			AwakeInstancesAfterBackupRestoration (0ms)
Platform modules already initialized, skipping
Registering precompiled user dll's ...
Registered in 0.004149 seconds.
Begin MonoManager ReloadAssembly
Native extension for Lumin target not found
Native extension for LinuxStandalone target not found
Native extension for WindowsStandalone target not found
Native extension for OSXStandalone target not found
Native extension for WebGL target not found
Refreshing native plugins compatible for Editor in 0.59 ms, found 2 plugins.
Preloading 0 native plugins for Editor in 0.00 ms.
Mono: successfully reloaded assembly
- Completed reload, in  1.942 seconds
Domain Reload Profiling:
	ReloadAssembly (1944ms)
		BeginReloadAssembly (245ms)
			ExecutionOrderSort (0ms)
			DisableScriptedObjects (8ms)
			BackupInstance (0ms)
			ReleaseScriptingObjects (0ms)
			CreateAndSetChildDomain (34ms)
		EndReloadAssembly (1582ms)
			LoadAssemblies (141ms)
			RebuildTransferFunctionScriptingTraits (0ms)
			SetupTypeCache (550ms)
			ReleaseScriptCaches (1ms)
			RebuildScriptCaches (88ms)
			SetupLoadedEditorAssemblies (596ms)
				LogAssemblyErrors (0ms)
				InitializePlatformSupportModulesInManaged (17ms)
				SetLoadedEditorAssemblies (1ms)
				RefreshPlugins (1ms)
				BeforeProcessingInitializeOnLoad (107ms)
				ProcessInitializeOnLoadAttributes (449ms)
				ProcessInitializeOnLoadMethodAttributes (8ms)
				AfterProcessingInitializeOnLoad (13ms)
				EditorAssembliesLoaded (0ms)
			ExecutionOrderSort2 (0ms)
			AwakeInstancesAfterBackupRestoration (14ms)
Platform modules already initialized, skipping
========================================================================
Worker process is ready to serve import requests
Launched and connected shader compiler UnityShaderCompiler.exe after 0.12 seconds
Refreshing native plugins compatible for Editor in 0.73 ms, found 2 plugins.
Preloading 0 native plugins for Editor in 0.00 ms.
Unloading 1399 Unused Serialized files (Serialized files now loaded: 0)
System memory in use before: 64.8 MB.
System memory in use after: 64.9 MB.

Unloading 16 unused Assets to reduce memory usage. Loaded Objects now: 1834.
Total: 5.423600 ms (FindLiveObjects: 0.379800 ms CreateObjectMapping: 0.077700 ms MarkObjects: 4.857700 ms  DeleteObjects: 0.106100 ms)

AssetImportParameters requested are different than current active one (requested -> active):
  custom:framework-win-MediaFoundation: 216162199b28c13a410421893ffa2e32 -> 
  custom:video-decoder-ogg-theora: a1e56fd34408186e4bbccfd4996cb3dc -> 
  custom:container-muxer-webm: aa71ff27fc2769a1b78a27578f13a17b -> 
  custom:container-demuxer-webm: 4f35f7cbe854078d1ac9338744f61a02 -> 
  custom:container-demuxer-ogg: 62fdf1f143b41e24485cea50d1cbac27 -> 
  custom:video-encoder-webm-vp8: eb34c28f22e8b96e1ab97ce403110664 -> 
  custom:video-decoder-webm-vp8: 9c59270c3fd7afecdb556c50c9e8de78 -> 
  custom:audio-decoder-ogg-vorbis: bf7c407c2cedff20999df2af8eb42d56 -> 
  custom:audio-encoder-webm-vorbis: bf7c407c2cedff20999df2af8eb42d56 -> 
========================================================================
Received Import Request.
  path: Assets/Running_Mascot_sprite_sheets/GIF previews
  artifactKey: Guid(ff0152db2134ad040864fceaff483ae5) Importer(815301076,1909f56bfc062723c751e8b465ee728b)
Start importing Assets/Running_Mascot_sprite_sheets/GIF previews using Guid(ff0152db2134ad040864fceaff483ae5) Importer(815301076,1909f56bfc062723c751e8b465ee728b)  -> (artifact id: '86f56d16dc5b9966cbd666b0450b6405') in 0.018483 seconds 
  Import took 0.022679 seconds .

========================================================================
Received Import Request.
  Time since last request: 0.000334 seconds.
  path: Assets/Running_Mascot_sprite_sheets/GIF previews/stand.gif
  artifactKey: Guid(0e7a5179808f73e4db21c86315525bfe) Importer(815301076,1909f56bfc062723c751e8b465ee728b)
Start importing Assets/Running_Mascot_sprite_sheets/GIF previews/stand.gif using Guid(0e7a5179808f73e4db21c86315525bfe) Importer(815301076,1909f56bfc062723c751e8b465ee728b)  -> (artifact id: '16f68347ad250089b29e62a3cc1908dc') in 0.240939 seconds 
  Import took 0.250874 seconds .

========================================================================
Received Import Request.
  Time since last request: 0.000295 seconds.
  path: Assets/Running_Mascot_sprite_sheets/GIF previews/run.gif
  artifactKey: Guid(0251160ef0627744b846379eecbde717) Importer(815301076,1909f56bfc062723c751e8b465ee728b)
Start importing Assets/Running_Mascot_sprite_sheets/GIF previews/run.gif using Guid(0251160ef0627744b846379eecbde717) Importer(815301076,1909f56bfc062723c751e8b465ee728b)  -> (artifact id: '562e21325e9d69524dbc1c7c45a2fe92') in 0.036151 seconds 
  Import took 0.040805 seconds .

========================================================================
Received Import Request.
  Time since last request: 0.000327 seconds.
  path: Assets/Running_Mascot_sprite_sheets/GIF previews/dizzy.gif
  artifactKey: Guid(f9fc2993f695dc74c92d6cde4b125b77) Importer(815301076,1909f56bfc062723c751e8b465ee728b)
Start importing Assets/Running_Mascot_sprite_sheets/GIF previews/dizzy.gif using Guid(f9fc2993f695dc74c92d6cde4b125b77) Importer(815301076,1909f56bfc062723c751e8b465ee728b)  -> (artifact id: '3aeb4d3d803525689c46b64a993e4636') in 0.030072 seconds 
  Import took 0.034761 seconds .

========================================================================
Received Import Request.
  Time since last request: 0.000337 seconds.
  path: Assets/Running_Mascot_sprite_sheets/GIF previews/faint.gif
  artifactKey: Guid(f28487f7f2a13344c9ac35d65498001c) Importer(815301076,1909f56bfc062723c751e8b465ee728b)
Start importing Assets/Running_Mascot_sprite_sheets/GIF previews/faint.gif using Guid(f28487f7f2a13344c9ac35d65498001c) Importer(815301076,1909f56bfc062723c751e8b465ee728b)  -> (artifact id: 'c6dc3bf30a3747a8b1a25d7ee52a9b3b') in 0.032989 seconds 
  Import took 0.037470 seconds .

========================================================================
Received Import Request.
  Time since last request: 0.000464 seconds.
  path: Assets/Running_Mascot_sprite_sheets/transparent PNG
  artifactKey: Guid(658bb65205783f54092097ca576e85b0) Importer(815301076,1909f56bfc062723c751e8b465ee728b)
Start importing Assets/Running_Mascot_sprite_sheets/transparent PNG using Guid(658bb65205783f54092097ca576e85b0) Importer(815301076,1909f56bfc062723c751e8b465ee728b)  -> (artifact id: '0a34b0b26e2af11322fcb46ca0b1dce3') in 0.012694 seconds 
  Import took 0.016392 seconds .

========================================================================
Received Import Request.
  Time since last request: 0.000326 seconds.
  path: Assets/Running_Mascot_sprite_sheets/transparent PNG/shield.png
  artifactKey: Guid(7a22d21b85ddb9a49b6ce2817d807fdf) Importer(815301076,1909f56bfc062723c751e8b465ee728b)
Start importing Assets/Running_Mascot_sprite_sheets/transparent PNG/shield.png using Guid(7a22d21b85ddb9a49b6ce2817d807fdf) Importer(815301076,1909f56bfc062723c751e8b465ee728b)  -> (artifact id: 'c5ccbaa032de630b4b2ee0af3aa32858') in 0.042332 seconds 
  Import took 0.046209 seconds .

========================================================================
Received Import Request.
  Time since last request: 0.000383 seconds.
  path: Assets/Running_Mascot_sprite_sheets/transparent PNG/virus.png
  artifactKey: Guid(4822cc4491d4dd3469ab5a66a335a32c) Importer(815301076,1909f56bfc062723c751e8b465ee728b)
Start importing Assets/Running_Mascot_sprite_sheets/transparent PNG/virus.png using Guid(4822cc4491d4dd3469ab5a66a335a32c) Importer(815301076,1909f56bfc062723c751e8b465ee728b)  -> (artifact id: '58fdbc10ae317ca45bab96b8b54a261f') in 0.038219 seconds 
  Import took 0.043890 seconds .

AssetImportWorkerClient::OnTransportError - code=2 error=End of file
